<?xml version="1.0" encoding="UTF-8"?>
<testng-results skipped="0" failed="0" total="2" passed="2">
  <reporter-output>
  </reporter-output>
  <suite name="Suite1" duration-ms="14925" started-at="2016-08-01T10:09:10Z" finished-at="2016-08-01T10:09:25Z">
    <groups>
      <group name="parameter">
        <method signature="ParameterizedTest1.ParaTest(java.lang.String, java.lang.String)[pri:0, instance:test.ParameterizedTest1@49f543bb]" name="ParaTest" class="test.ParameterizedTest1"/>
        <method signature="_01_ShouYe.test_shouye(java.lang.String, java.lang.String)[pri:0, instance:test._01_ShouYe@7eea8370]" name="test_shouye" class="test._01_ShouYe"/>
      </group> <!-- parameter -->
    </groups>
    <test name="test1" duration-ms="14925" started-at="2016-08-01T10:09:10Z" finished-at="2016-08-01T10:09:25Z">
      <class name="test._01_ShouYe">
        <test-method status="PASS" signature="test_shouye(java.lang.String, java.lang.String)[pri:0, instance:test._01_ShouYe@7eea8370]" name="test_shouye" duration-ms="14905" started-at="2016-08-01T18:09:10Z" finished-at="2016-08-01T18:09:25Z">
          <params>
            <param index="0">
              <value>
                <![CDATA[goodsowner2@163.com]]>
              </value>
            </param>
            <param index="1">
              <value>
                <![CDATA[redlion1234]]>
              </value>
            </param>
          </params>
          <reporter-output>
          </reporter-output>
        </test-method> <!-- test_shouye -->
      </class> <!-- test._01_ShouYe -->
      <class name="test.ParameterizedTest1">
        <test-method status="PASS" signature="ParaTest(java.lang.String, java.lang.String)[pri:0, instance:test.ParameterizedTest1@49f543bb]" name="ParaTest" duration-ms="10" started-at="2016-08-01T18:09:10Z" finished-at="2016-08-01T18:09:10Z">
          <params>
            <param index="0">
              <value>
                <![CDATA[Tank]]>
              </value>
            </param>
            <param index="1">
              <value>
                <![CDATA[Xiao]]>
              </value>
            </param>
          </params>
          <reporter-output>
          </reporter-output>
        </test-method> <!-- ParaTest -->
      </class> <!-- test.ParameterizedTest1 -->
    </test> <!-- test1 -->
  </suite> <!-- Suite1 -->
</testng-results>
